0 verbose cli /usr/local/bin/node /usr/local/bin/npm
1 info using npm@10.2.2
2 info using node@v20.9.0
3 timing npm:load:whichnode Completed in 1ms
4 timing config:load:defaults Completed in 3ms
5 timing config:load:file:/usr/local/lib/node_modules/npm/npmrc Completed in 1ms
6 timing config:load:builtin Completed in 1ms
7 timing config:load:cli Completed in 3ms
8 timing config:load:env Completed in 1ms
9 timing config:load:project Completed in 1ms
10 timing config:load:file:/home/container/.npmrc Completed in 0ms
11 timing config:load:user Completed in 1ms
12 timing config:load:file:/usr/local/etc/npmrc Completed in 0ms
13 timing config:load:global Completed in 0ms
14 timing config:load:setEnvs Completed in 1ms
15 timing config:load Completed in 12ms
16 timing npm:load:configload Completed in 12ms
17 timing config:load:flatten Completed in 4ms
18 timing npm:load:mkdirpcache Completed in 0ms
19 timing npm:load:mkdirplogs Completed in 1ms
20 verbose title npm install
21 verbose argv "install"
22 timing npm:load:setTitle Completed in 1ms
23 timing npm:load:display Completed in 1ms
24 verbose logfile logs-max:10 dir:/home/container/.npm/_logs/2023-11-02T20_46_39_860Z-
25 verbose logfile /home/container/.npm/_logs/2023-11-02T20_46_39_860Z-debug-0.log
26 timing npm:load:logFile Completed in 15ms
27 timing npm:load:timers Completed in 0ms
28 timing npm:load:configScope Completed in 0ms
29 timing npm:load Completed in 67ms
30 timing arborist:ctor Completed in 2ms
31 silly logfile done cleaning log files
32 timing idealTree:init Completed in 348ms
33 timing idealTree:userRequests Completed in 1ms
34 silly idealTree buildDeps
35 timing idealTree:#root Completed in 1ms
36 timing idealTree:buildDeps Completed in 2ms
37 timing idealTree:fixDepFlags Completed in 0ms
38 timing idealTree Completed in 361ms
39 timing arborist:ctor Completed in 0ms
40 timing reify:loadTrees Completed in 505ms
41 timing reify:diffTrees Completed in 15ms
42 silly reify moves {}
43 timing reify:retireShallow Completed in 2ms
44 timing reify:createSparse Completed in 3ms
45 timing reify:loadBundles Completed in 0ms
46 silly audit bulk request {
46 silly audit   '@discordjs/builders': [ '1.6.3' ],
46 silly audit   '@discordjs/collection': [ '1.5.1' ],
46 silly audit   '@discordjs/formatters': [ '0.3.1' ],
46 silly audit   '@discordjs/rest': [ '1.7.1' ],
46 silly audit   '@discordjs/util': [ '0.3.1' ],
46 silly audit   '@discordjs/ws': [ '0.8.3' ],
46 silly audit   '@gar/promisify': [ '1.1.3' ],
46 silly audit   '@mapbox/node-pre-gyp': [ '1.0.11' ],
46 silly audit   'node-fetch': [ '2.7.0', '3.3.0' ],
46 silly audit   '@npmcli/fs': [ '1.1.1' ],
46 silly audit   '@npmcli/move-file': [ '1.1.2' ],
46 silly audit   '@opencensus/core': [ '0.0.9', '0.0.8' ],
46 silly audit   semver: [ '5.7.2', '6.3.1', '7.5.4' ],
46 silly audit   uuid: [ '3.4.0', '8.3.2' ],
46 silly audit   '@opencensus/propagation-b3': [ '0.0.8' ],
46 silly audit   '@pm2/agent': [ '2.0.3' ],
46 silly audit   dayjs: [ '1.8.36', '1.11.10' ],
46 silly audit   debug: [ '4.3.4', '3.2.7' ],
46 silly audit   ms: [ '2.1.2', '2.0.0', '2.1.3' ],
46 silly audit   ws: [ '7.4.6', '7.5.9', '8.13.0' ],
46 silly audit   '@pm2/io': [ '5.0.2' ],
46 silly audit   async: [ '2.6.4', '3.2.4' ],
46 silly audit   eventemitter2: [ '6.4.9', '5.0.1', '0.4.14' ],
46 silly audit   tslib: [ '1.9.3', '2.5.3' ],
46 silly audit   '@pm2/js-api': [ '0.6.7' ],
46 silly audit   axios: [ '0.21.4' ],
46 silly audit   '@pm2/pm2-version-check': [ '1.0.4' ],
46 silly audit   '@sapphire/async-queue': [ '1.5.0' ],
46 silly audit   '@sapphire/shapeshift': [ '3.9.2' ],
46 silly audit   '@sapphire/snowflake': [ '3.5.1' ],
46 silly audit   '@tokenizer/token': [ '0.3.0' ],
46 silly audit   '@tootallnate/once': [ '1.1.2' ],
46 silly audit   '@tootallnate/quickjs-emscripten': [ '0.23.0' ],
46 silly audit   '@types/debug': [ '4.1.8' ],
46 silly audit   '@types/ms': [ '0.7.31' ],
46 silly audit   '@types/node': [ '18.0.6' ],
46 silly audit   '@types/validator': [ '13.11.1' ],
46 silly audit   '@types/ws': [ '8.5.5' ],
46 silly audit   '@vladfrangu/async_event_emitter': [ '2.2.2' ],
46 silly audit   abbrev: [ '1.1.1' ],
46 silly audit   'agent-base': [ '6.0.2', '7.1.0' ],
46 silly audit   agentkeepalive: [ '4.5.0' ],
46 silly audit   'aggregate-error': [ '3.1.0' ],
46 silly audit   amp: [ '0.3.1' ],
46 silly audit   'amp-message': [ '0.1.2' ],
46 silly audit   'ansi-colors': [ '4.1.3' ],
46 silly audit   'ansi-regex': [ '5.0.1' ],
46 silly audit   'ansi-styles': [ '4.3.0' ],
46 silly audit   'any-promise': [ '1.3.0' ],
46 silly audit   anymatch: [ '3.1.3' ],
46 silly audit   aproba: [ '2.0.0' ],
46 silly audit   'are-we-there-yet': [ '2.0.0', '3.0.1' ],
46 silly audit   argparse: [ '1.0.10' ],
46 silly audit   'sprintf-js': [ '1.0.3', '1.1.2' ],
46 silly audit   'ast-types': [ '0.13.4' ],
46 silly audit   'async-listener': [ '0.6.10' ],
46 silly audit   'balanced-match': [ '1.0.2' ],
46 silly audit   'base64-js': [ '1.5.1' ],
46 silly audit   'basic-ftp': [ '5.0.3' ],
46 silly audit   'better-sqlite3': [ '8.4.0' ],
46 silly audit   'binary-extensions': [ '2.2.0' ],
46 silly audit   bindings: [ '1.5.0' ],
46 silly audit   bl: [ '4.1.0' ],
46 silly audit   blessed: [ '0.1.81' ],
46 silly audit   bodec: [ '0.1.0' ],
46 silly audit   'brace-expansion': [ '1.1.11' ],
46 silly audit   braces: [ '3.0.2' ],
46 silly audit   buffer: [ '5.7.1' ],
46 silly audit   'buffer-from': [ '1.1.2' ],
46 silly audit   busboy: [ '1.6.0' ],
46 silly audit   cacache: [ '15.3.0' ],
46 silly audit   chownr: [ '2.0.0', '1.1.4' ],
46 silly audit   chalk: [ '3.0.0' ],
46 silly audit   chance: [ '1.1.11' ],
46 silly audit   charm: [ '0.1.2' ],
46 silly audit   chokidar: [ '3.5.3' ],
46 silly audit   'clean-stack': [ '2.2.0' ],
46 silly audit   'cli-tableau': [ '2.0.1' ],
46 silly audit   clone: [ '2.1.2' ],
46 silly audit   'color-convert': [ '2.0.1' ],
46 silly audit   'color-name': [ '1.1.4' ],
46 silly audit   'color-support': [ '1.1.3' ],
46 silly audit   colorette: [ '2.0.19' ],
46 silly audit   commander: [ '10.0.1', '2.15.1' ],
46 silly audit   'concat-map': [ '0.0.1' ],
46 silly audit   'console-control-strings': [ '1.1.0' ],
46 silly audit   'continuation-local-storage': [ '3.2.1' ],
46 silly audit   croner: [ '4.1.97' ],
46 silly audit   culvert: [ '0.1.2' ],
46 silly audit   'data-uri-to-buffer': [ '4.0.0', '6.0.1' ],
46 silly audit   'decompress-response': [ '6.0.0' ],
46 silly audit   'deep-extend': [ '0.6.0' ],
46 silly audit   degenerator: [ '5.0.1' ],
46 silly audit   delegates: [ '1.0.0' ],
46 silly audit   'detect-libc': [ '2.0.1' ],
46 silly audit   'discord-api-types': [ '0.37.46' ],
46 silly audit   'discord.js': [ '14.11.0' ],
46 silly audit   dotenv: [ '16.3.1' ],
46 silly audit   dottie: [ '2.0.6' ],
46 silly audit   'emitter-listener': [ '1.1.2' ],
46 silly audit   'emoji-regex': [ '8.0.0' ],
46 silly audit   encoding: [ '0.1.13' ],
46 silly audit   'iconv-lite': [ '0.6.3', '0.4.24' ],
46 silly audit   'end-of-stream': [ '1.4.4' ],
46 silly audit   enmap: [ '5.9.8' ],
46 silly audit   enquirer: [ '2.3.6' ],
46 silly audit   'env-paths': [ '2.2.1' ],
46 silly audit   'err-code': [ '2.0.3' ],
46 silly audit   escalade: [ '3.1.1' ],
46 silly audit   'escape-string-regexp': [ '4.0.0' ],
46 silly audit   escodegen: [ '2.1.0' ],
46 silly audit   esm: [ '3.2.25' ],
46 silly audit   esprima: [ '4.0.1' ],
46 silly audit   estraverse: [ '5.3.0' ],
46 silly audit   esutils: [ '2.0.3' ],
46 silly audit   'expand-template': [ '2.0.3' ],
46 silly audit   'fast-deep-equal': [ '3.1.3' ],
46 silly audit   'fast-json-patch': [ '3.1.1' ],
46 silly audit   fclone: [ '1.0.11' ],
46 silly audit   'fetch-blob': [ '3.1.5' ],
46 silly audit   'file-type': [ '18.5.0' ],
46 silly audit   'file-uri-to-path': [ '1.0.0' ],
46 silly audit   'fill-range': [ '7.0.1' ],
46 silly audit   'follow-redirects': [ '1.15.2' ],
46 silly audit   'formdata-polyfill': [ '4.0.10' ],
46 silly audit   'fs-constants': [ '1.0.0' ],
46 silly audit   'fs-extra': [ '8.1.0' ],
46 silly audit   'fs-minipass': [ '2.1.0' ],
46 silly audit   'fs.realpath': [ '1.0.0' ],
46 silly audit   fsevents: [ '2.3.3' ],
46 silly audit   'function-bind': [ '1.1.2' ],
46 silly audit   gauge: [ '3.0.2', '4.0.4' ],
46 silly audit   'get-package-type': [ '0.1.0' ],
46 silly audit   'get-uri': [ '6.0.2' ],
46 silly audit   getopts: [ '2.3.0' ],
46 silly audit   'git-node-fs': [ '1.0.0' ],
46 silly audit   'git-sha1': [ '0.1.2' ],
46 silly audit   'github-from-package': [ '0.0.0' ],
46 silly audit   glob: [ '7.2.3' ],
46 silly audit   'glob-parent': [ '5.1.2' ],
46 silly audit   'graceful-fs': [ '4.2.11' ],
46 silly audit   'has-flag': [ '4.0.0' ],
46 silly audit   'has-unicode': [ '2.0.1' ],
46 silly audit   hasown: [ '2.0.0' ],
46 silly audit   'http-cache-semantics': [ '4.1.1' ],
46 silly audit   'http-proxy-agent': [ '4.0.1', '7.0.0' ],
46 silly audit   'https-proxy-agent': [ '5.0.1', '7.0.2' ],
46 silly audit   'humanize-ms': [ '1.2.1' ],
46 silly audit   ieee754: [ '1.2.1' ],
46 silly audit   imurmurhash: [ '0.1.4' ],
46 silly audit   'indent-string': [ '4.0.0' ],
46 silly audit   'infer-owner': [ '1.0.4' ],
46 silly audit   inflection: [ '1.13.4' ],
46 silly audit   inflight: [ '1.0.6' ],
46 silly audit   inherits: [ '2.0.4' ],
46 silly audit   ini: [ '1.3.8' ],
46 silly audit   interpret: [ '2.2.0' ],
46 silly audit   ip: [ '2.0.0', '1.1.8' ],
46 silly audit   'is-binary-path': [ '2.1.0' ],
46 silly audit   'is-core-module': [ '2.13.1' ],
46 silly audit   'is-extglob': [ '2.1.1' ],
46 silly audit   'is-fullwidth-code-point': [ '3.0.0' ],
46 silly audit   'is-glob': [ '4.0.3' ],
46 silly audit   'is-lambda': [ '1.0.1' ],
46 silly audit   'is-number': [ '7.0.0' ],
46 silly audit   isexe: [ '2.0.0' ],
46 silly audit   'js-git': [ '0.7.8' ],
46 silly audit   'json-stringify-safe': [ '5.0.1' ],
46 silly audit   jsonfile: [ '4.0.0' ],
46 silly audit   knex: [ '3.0.1' ],
46 silly audit   'pg-connection-string': [ '2.6.1', '2.6.2' ],
46 silly audit   lazy: [ '1.0.11' ],
46 silly audit   lodash: [ '4.17.21' ],
46 silly audit   'lodash.snakecase': [ '4.1.1' ],
46 silly audit   'log-driver': [ '1.2.7' ],
46 silly audit   'lru-cache': [ '6.0.0', '7.18.3' ],
46 silly audit   'make-dir': [ '3.1.0' ],
46 silly audit   'make-fetch-happen': [ '9.1.0' ],
46 silly audit   'mimic-response': [ '3.1.0' ],
46 silly audit   minimatch: [ '3.1.2' ],
46 silly audit   minimist: [ '1.2.8' ],
46 silly audit   minipass: [ '3.3.6', '5.0.0' ],
46 silly audit   'minipass-collect': [ '1.0.2' ],
46 silly audit   'minipass-fetch': [ '1.4.1' ],
46 silly audit   'minipass-flush': [ '1.0.5' ],
46 silly audit   'minipass-pipeline': [ '1.2.4' ],
46 silly audit   'minipass-sized': [ '1.0.3' ],
46 silly audit   minisearch: [ '6.1.0' ],
46 silly audit   minizlib: [ '2.1.2' ],
46 silly audit   mkdirp: [ '1.0.4' ],
46 silly audit   'mkdirp-classic': [ '0.5.3' ],
46 silly audit   'module-details-from-path': [ '1.0.3' ],
46 silly audit   moment: [ '2.29.4' ],
46 silly audit   'moment-timezone': [ '0.5.43' ],
46 silly audit   'mute-stream': [ '0.0.8' ],
46 silly audit   mz: [ '2.7.0' ],
46 silly audit   'napi-build-utils': [ '1.0.2' ],
46 silly audit   needle: [ '2.4.0' ],
46 silly audit   negotiator: [ '0.6.3' ],
46 silly audit   netmask: [ '2.0.2' ],
46 silly audit   node: [ '16.20.1' ],
46 silly audit   'node-abi': [ '3.45.0' ],
46 silly audit   'node-addon-api': [ '4.3.0' ],
46 silly audit   'node-bin-setup': [ '1.1.3' ],
46 silly audit   'node-cache': [ '5.1.2' ],
46 silly audit   'node-domexception': [ '1.0.0' ],
46 silly audit   'node-gyp': [ '8.4.1' ],
46 silly audit   npmlog: [ '6.0.2', '5.0.1' ],
46 silly audit   nopt: [ '5.0.0' ],
46 silly audit   'normalize-path': [ '3.0.0' ],
46 silly audit   nssocket: [ '0.6.0' ],
46 silly audit   'object-assign': [ '4.1.1' ],
46 silly audit   'on-change': [ '3.0.2' ],
46 silly audit   once: [ '1.4.0' ],
46 silly audit   'p-map': [ '4.0.0' ],
46 silly audit   'pac-proxy-agent': [ '7.0.1' ],
46 silly audit   'socks-proxy-agent': [ '8.0.2', '6.2.1' ],
46 silly audit   'pac-resolver': [ '7.0.0' ],
46 silly audit   pako: [ '0.2.9' ],
46 silly audit   'parse-ms': [ '2.1.0' ],
46 silly audit   'path-is-absolute': [ '1.0.1' ],
46 silly audit   'path-parse': [ '1.0.7' ],
46 silly audit   'peek-readable': [ '5.0.0' ],
46 silly audit   picomatch: [ '2.3.1' ],
46 silly audit   pidusage: [ '3.0.2', '2.0.21' ],
46 silly audit   pm2: [ '5.3.0' ],
46 silly audit   'pm2-axon': [ '4.0.1' ],
46 silly audit   'pm2-axon-rpc': [ '0.7.1' ],
46 silly audit   'pm2-deploy': [ '1.0.2' ],
46 silly audit   'pm2-multimeter': [ '0.1.2' ],
46 silly audit   'pm2-sysmonit': [ '1.2.8' ],
46 silly audit   'prebuild-install': [ '7.1.1' ],
46 silly audit   'pretty-ms': [ '7.0.1' ],
46 silly audit   'promise-inflight': [ '1.0.1' ],
46 silly audit   'promise-retry': [ '2.0.1' ],
46 silly audit   promptly: [ '2.2.0' ],
46 silly audit   'proxy-agent': [ '6.3.1' ],
46 silly audit   'proxy-from-env': [ '1.1.0' ],
46 silly audit   pump: [ '3.0.0' ],
46 silly audit   'random-words': [ '2.0.0' ],
46 silly audit   randombytes: [ '2.1.0' ],
46 silly audit   rc: [ '1.2.8' ],
46 silly audit   read: [ '1.0.7' ],
46 silly audit   'read-last-lines': [ '1.8.0' ],
46 silly audit   'readable-stream': [ '3.6.2' ],
46 silly audit   'readable-web-to-node-stream': [ '3.0.2' ],
46 silly audit   readdirp: [ '3.6.0' ],
46 silly audit   rechoir: [ '0.8.0' ],
46 silly audit   'require-in-the-middle': [ '5.2.0' ],
46 silly audit   resolve: [ '1.22.8' ],
46 silly audit   'resolve-from': [ '5.0.0' ],
46 silly audit   retry: [ '0.12.0' ],
46 silly audit   'retry-as-promised': [ '7.0.4' ],
46 silly audit   rimraf: [ '3.0.2' ],
46 silly audit   'run-series': [ '1.1.9' ],
46 silly audit   'safe-buffer': [ '5.2.1' ],
46 silly audit   'safer-buffer': [ '2.1.2' ],
46 silly audit   sax: [ '1.3.0' ],
46 silly audit   seedrandom: [ '3.0.5' ],
46 silly audit   sequelize: [ '6.33.0' ],
46 silly audit   'sequelize-pool': [ '7.1.0' ],
46 silly audit   'serialize-javascript': [ '6.0.1' ],
46 silly audit   'set-blocking': [ '2.0.0' ],
46 silly audit   shimmer: [ '1.2.1' ],
46 silly audit   'shuffle-array': [ '1.0.1' ],
46 silly audit   'signal-exit': [ '3.0.7' ],
46 silly audit   'simple-concat': [ '1.0.1' ],
46 silly audit   'simple-get': [ '4.0.1' ],
46 silly audit   'smart-buffer': [ '4.2.0' ],
46 silly audit   socks: [ '2.7.1' ],
46 silly audit   'sort-es': [ '1.6.12' ],
46 silly audit   'source-map': [ '0.6.1' ],
46 silly audit   'source-map-support': [ '0.5.21' ],
46 silly audit   sqlite3: [ '5.1.6' ],
46 silly audit   ssri: [ '8.0.1' ],
46 silly audit   streamsearch: [ '1.1.0' ],
46 silly audit   string_decoder: [ '1.3.0' ],
46 silly audit   'string-width': [ '4.2.3' ],
46 silly audit   'strip-ansi': [ '6.0.1' ],
46 silly audit   'strip-json-comments': [ '2.0.1' ],
46 silly audit   strtok3: [ '7.0.0' ],
46 silly audit   'supports-color': [ '7.2.0' ],
46 silly audit   'supports-preserve-symlinks-flag': [ '1.0.0' ],
46 silly audit   systeminformation: [ '5.21.15' ],
46 silly audit   tar: [ '6.2.0' ],
46 silly audit   'tar-fs': [ '2.1.1' ],
46 silly audit   'tar-stream': [ '2.2.0' ],
46 silly audit   tarn: [ '3.0.2' ],
46 silly audit   thenify: [ '3.3.1' ],
46 silly audit   'thenify-all': [ '1.6.0' ],
46 silly audit   tildify: [ '2.0.0' ],
46 silly audit   'to-regex-range': [ '5.0.1' ],
46 silly audit   'token-types': [ '5.0.1' ],
46 silly audit   'toposort-class': [ '1.0.1' ],
46 silly audit   tr46: [ '0.0.3' ],
46 silly audit   'ts-mixer': [ '6.0.3' ],
46 silly audit   'tunnel-agent': [ '0.6.0' ],
46 silly audit   tv4: [ '1.3.0' ],
46 silly audit   tx2: [ '1.0.5' ],
46 silly audit   undici: [ '5.22.1' ],
46 silly audit   'unique-filename': [ '1.1.1' ],
46 silly audit   'unique-slug': [ '2.0.2' ],
46 silly audit   universalify: [ '0.1.2' ],
46 silly audit   'util-deprecate': [ '1.0.2' ],
46 silly audit   validator: [ '13.11.0' ],
46 silly audit   vizion: [ '2.2.1' ],
46 silly audit   'web-streams-polyfill': [ '3.2.1' ],
46 silly audit   'webidl-conversions': [ '3.0.1' ],
46 silly audit   'whatwg-url': [ '5.0.0' ],
46 silly audit   which: [ '2.0.2' ],
46 silly audit   'wide-align': [ '1.1.5' ],
46 silly audit   wkx: [ '0.5.0' ],
46 silly audit   wrappy: [ '1.0.2' ],
46 silly audit   yallist: [ '4.0.0' ],
46 silly audit   yamljs: [ '0.3.0' ]
46 silly audit }
47 verbose reify failed optional dependency /home/container/node_modules/fsevents
48 silly reify mark deleted [ '/home/container/node_modules/fsevents' ]
49 timing reifyNode:node_modules/fsevents Completed in 11ms
50 silly tarball no local data for node-bin-setup@https://registry.npmjs.org/node-bin-setup/-/node-bin-setup-1.1.3.tgz. Extracting by manifest.
51 silly tarball no local data for dotenv@https://registry.npmjs.org/dotenv/-/dotenv-16.3.1.tgz. Extracting by manifest.
52 silly tarball no local data for node@https://registry.npmjs.org/node/-/node-16.20.1.tgz. Extracting by manifest.
53 http fetch GET 200 https://registry.npmjs.org/node-bin-setup/-/node-bin-setup-1.1.3.tgz 252ms (cache miss)
54 timing reifyNode:node_modules/node-bin-setup Completed in 272ms
55 http fetch GET 200 https://registry.npmjs.org/node/-/node-16.20.1.tgz 251ms (cache miss)
56 timing reifyNode:node_modules/node Completed in 273ms
57 http fetch GET 200 https://registry.npmjs.org/dotenv/-/dotenv-16.3.1.tgz 254ms (cache miss)
58 timing reifyNode:node_modules/dotenv Completed in 274ms
59 timing reify:unpack Completed in 275ms
60 timing reify:unretire Completed in 0ms
61 timing build:queue Completed in 3ms
62 info run node@16.20.1 preinstall node_modules/node node installArchSpecificPackage
63 http fetch GET 200 https://registry.npmjs.org/npm 950ms (cache miss)
64 http fetch POST 200 https://registry.npmjs.org/-/npm/v1/security/advisories/bulk 370ms
65 timing auditReport:getReport Completed in 381ms
66 silly audit report {
66 silly audit report   undici: [
66 silly audit report     {
66 silly audit report       id: 1094467,
66 silly audit report       url: 'https://github.com/advisories/GHSA-wqq4-5wpv-mx2g',
66 silly audit report       title: "Undici's cookie header not cleared on cross-origin redirect in fetch",
66 silly audit report       severity: 'low',
66 silly audit report       vulnerable_versions: '<5.26.2',
66 silly audit report       cwe: [Array],
66 silly audit report       cvss: [Object]
66 silly audit report     }
66 silly audit report   ]
66 silly audit report }
67 timing metavuln:cache:get:security-advisory:undici:sIAl3jiqm3Ne7F0uPh2fp5mMmJvKXiACroFexZ+XNBrvbjKdtPZYjdM3KC8AHYP7AfFI4lnsqpirhybqM3Dv1Q== Completed in 2ms
68 http fetch GET 200 https://registry.npmjs.org/undici 94ms (cache miss)
69 timing metavuln:packument:undici Completed in 98ms
70 timing metavuln:load:security-advisory:undici:1094467 Completed in 9ms
71 timing metavuln:cache:put:security-advisory:undici:sIAl3jiqm3Ne7F0uPh2fp5mMmJvKXiACroFexZ+XNBrvbjKdtPZYjdM3KC8AHYP7AfFI4lnsqpirhybqM3Dv1Q== Completed in 4ms
72 timing metavuln:calculate:security-advisory:undici:1094467 Completed in 113ms
73 timing metavuln:cache:get:security-advisory:@discordjs/rest:fCBK/yXcocU7+fVVtcKzulv5eLLulKSZBZ75Xj0zcUizA9tPmr3qAX0DbxccBSoGnabAFBbOCV6VGbE5yw7bfw== Completed in 3ms
74 timing metavuln:cache:get:security-advisory:discord.js:NPSXvezDy1Q+6nE4qYdLpip1o2+22sB1771neIr5NavZamlF9cGB6q2eueZUAL/e42wKSjKz/seRG7fbBSUN3A== Completed in 2ms
75 http fetch GET 200 https://registry.npmjs.org/discord.js 347ms (cache miss)
76 timing metavuln:packument:discord.js Completed in 375ms
77 timing metavuln:load:security-advisory:discord.js:sIAl3jiqm3Ne7F0uPh2fp5mMmJvKXiACroFexZ+XNBrvbjKdtPZYjdM3KC8AHYP7AfFI4lnsqpirhybqM3Dv1Q== Completed in 517ms
78 http fetch GET 200 https://registry.npmjs.org/@discordjs%2frest 902ms (cache miss)
79 timing metavuln:packument:@discordjs/rest Completed in 949ms
80 timing metavuln:load:security-advisory:@discordjs/rest:sIAl3jiqm3Ne7F0uPh2fp5mMmJvKXiACroFexZ+XNBrvbjKdtPZYjdM3KC8AHYP7AfFI4lnsqpirhybqM3Dv1Q== Completed in 86ms
81 timing metavuln:cache:put:security-advisory:discord.js:NPSXvezDy1Q+6nE4qYdLpip1o2+22sB1771neIr5NavZamlF9cGB6q2eueZUAL/e42wKSjKz/seRG7fbBSUN3A== Completed in 142ms
82 timing metavuln:calculate:security-advisory:discord.js:sIAl3jiqm3Ne7F0uPh2fp5mMmJvKXiACroFexZ+XNBrvbjKdtPZYjdM3KC8AHYP7AfFI4lnsqpirhybqM3Dv1Q== Completed in 1036ms
83 timing metavuln:cache:put:security-advisory:@discordjs/rest:fCBK/yXcocU7+fVVtcKzulv5eLLulKSZBZ75Xj0zcUizA9tPmr3qAX0DbxccBSoGnabAFBbOCV6VGbE5yw7bfw== Completed in 15ms
84 timing metavuln:calculate:security-advisory:@discordjs/rest:sIAl3jiqm3Ne7F0uPh2fp5mMmJvKXiACroFexZ+XNBrvbjKdtPZYjdM3KC8AHYP7AfFI4lnsqpirhybqM3Dv1Q== Completed in 1050ms
85 timing auditReport:init Completed in 1163ms
86 timing reify:audit Completed in 1545ms
87 info run node@16.20.1 preinstall { code: 1, signal: null }
88 timing reify:rollback:createSparse Completed in 7ms
89 timing reify:rollback:retireShallow Completed in 0ms
90 timing command:install Completed in 3862ms
91 notice
91 notice New [32mpatch[39m version of npm available! [31m10.2.2[39m -> [32m10.2.3[39m
91 notice Changelog: [36mhttps://github.com/npm/cli/releases/tag/v10.2.3[39m
91 notice Run [32mnpm install -g npm@10.2.3[39m to update!
91 notice
92 verbose stack Error: command failed
92 verbose stack     at ChildProcess.<anonymous> (/usr/local/lib/node_modules/npm/node_modules/@npmcli/promise-spawn/lib/index.js:53:27)
92 verbose stack     at ChildProcess.emit (node:events:514:28)
92 verbose stack     at maybeClose (node:internal/child_process:1105:16)
92 verbose stack     at ChildProcess._handle.onexit (node:internal/child_process:305:5)
93 verbose pkgid node@16.20.1
94 verbose cwd /home/container
95 verbose Linux 5.10.0-26-cloud-amd64
96 verbose node v20.9.0
97 verbose npm  v10.2.2
98 error code 1
99 error path /home/container/node_modules/node
100 error command failed
101 error command sh -c node installArchSpecificPackage
102 error npm ERR! code ECONNRESET
102 error npm ERR! network aborted
102 error npm ERR! network This is a problem related to network connectivity.
102 error npm ERR! network In most cases you are behind a proxy or have bad network settings.
102 error npm ERR! network 
102 error npm ERR! network If you are behind a proxy, please make sure that the
102 error npm ERR! network 'proxy' config is set properly.  See: 'npm help config'
102 error
102 error npm ERR! A complete log of this run can be found in: /home/container/.npm/_logs/2023-11-02T20_46_41_761Z-debug-0.log
102 error node:internal/modules/cjs/loader:1051
102 error   throw err;
102 error   ^
102 error
102 error Error: Cannot find module 'node-linux-x64/package.json'
102 error Require stack:
102 error - /home/container/node_modules/node/installArchSpecificPackage.js
102 error     at Module._resolveFilename (node:internal/modules/cjs/loader:1048:15)
102 error     at Function.resolve (node:internal/modules/helpers:136:19)
102 error     at ChildProcess.<anonymous> (/home/container/node_modules/node-bin-setup/index.js:19:27)
102 error     at ChildProcess.emit (node:events:514:28)
102 error     at maybeClose (node:internal/child_process:1105:16)
102 error     at ChildProcess._handle.onexit (node:internal/child_process:305:5) {
102 error   code: 'MODULE_NOT_FOUND',
102 error   requireStack: [ '/home/container/node_modules/node/installArchSpecificPackage.js' ]
102 error }
102 error
102 error Node.js v20.9.0
103 verbose exit 1
104 timing npm Completed in 4264ms
105 verbose unfinished npm timer reify 1698958000255
106 verbose unfinished npm timer reify:build 1698958001174
107 verbose unfinished npm timer build 1698958001175
108 verbose unfinished npm timer build:deps 1698958001175
109 verbose unfinished npm timer build:run:preinstall 1698958001179
110 verbose unfinished npm timer build:run:preinstall:node_modules/node 1698958001179
111 verbose code 1
112 error A complete log of this run can be found in: /home/container/.npm/_logs/2023-11-02T20_46_39_860Z-debug-0.log
