0 verbose cli /usr/local/bin/node /usr/local/bin/npm
1 info using npm@10.2.2
2 info using node@v20.9.0
3 timing npm:load:whichnode Completed in 2ms
4 timing config:load:defaults Completed in 3ms
5 timing config:load:file:/usr/local/lib/node_modules/npm/npmrc Completed in 20ms
6 timing config:load:builtin Completed in 20ms
7 timing config:load:cli Completed in 5ms
8 timing config:load:env Completed in 1ms
9 timing config:load:file:/home/container/node_modules/node/.npmrc Completed in 1ms
10 timing config:load:project Completed in 5ms
11 timing config:load:file:/home/container/.npmrc Completed in 0ms
12 timing config:load:user Completed in 0ms
13 timing config:load:file:/usr/local/etc/npmrc Completed in 0ms
14 timing config:load:global Completed in 1ms
15 timing config:load:setEnvs Completed in 1ms
16 timing config:load Completed in 37ms
17 timing npm:load:configload Completed in 37ms
18 timing config:load:flatten Completed in 5ms
19 timing npm:load:mkdirpcache Completed in 14ms
20 timing npm:load:mkdirplogs Completed in 0ms
21 verbose title npm install node-linux-x64@16.20.1
22 verbose argv "install" "--no-save" "node-linux-x64@16.20.1"
23 timing npm:load:setTitle Completed in 1ms
24 timing npm:load:display Completed in 2ms
25 verbose logfile logs-max:10 dir:/home/container/.npm/_logs/2023-11-02T20_46_49_088Z-
26 verbose logfile /home/container/.npm/_logs/2023-11-02T20_46_49_088Z-debug-0.log
27 timing npm:load:logFile Completed in 54ms
28 timing npm:load:timers Completed in 0ms
29 timing npm:load:configScope Completed in 0ms
30 timing npm:load Completed in 140ms
31 timing arborist:ctor Completed in 1ms
32 silly logfile done cleaning log files
33 timing arborist:ctor Completed in 0ms
34 timing idealTree:init Completed in 17ms
35 timing idealTree:userRequests Completed in 4ms
36 silly idealTree buildDeps
37 silly fetch manifest node-bin-setup@^1.0.0
38 http fetch GET 200 https://registry.npmjs.org/node-bin-setup 22ms (cache hit)
39 silly fetch manifest node-linux-x64@16.20.1
40 http fetch GET 200 https://registry.npmjs.org/node-linux-x64 8ms (cache hit)
41 silly placeDep ROOT node-bin-setup@1.1.3 OK for: node@16.20.1 want: ^1.0.0
42 silly placeDep ROOT node-linux-x64@16.20.1 OK for: node@16.20.1 want: 16.20.1
43 timing idealTree:#root Completed in 52ms
44 timing idealTree:node_modules/node-bin-setup Completed in 0ms
45 timing idealTree:node_modules/node-linux-x64 Completed in 0ms
46 timing idealTree:buildDeps Completed in 54ms
47 timing idealTree:fixDepFlags Completed in 1ms
48 timing idealTree Completed in 78ms
49 timing reify:loadTrees Completed in 79ms
50 timing reify:diffTrees Completed in 1ms
51 silly reify moves {}
52 timing reify:retireShallow Completed in 2ms
53 timing reify:createSparse Completed in 5ms
54 timing reify:loadBundles Completed in 0ms
55 silly audit bulk request { 'node-bin-setup': [ '1.1.3' ], 'node-linux-x64': [ '16.20.1' ] }
56 silly tarball no local data for node-linux-x64@https://registry.npmjs.org/node-linux-x64/-/node-linux-x64-16.20.1.tgz. Extracting by manifest.
57 timing reifyNode:node_modules/node-bin-setup Completed in 126ms
58 http fetch POST 200 https://registry.npmjs.org/-/npm/v1/security/advisories/bulk 450ms
59 timing auditReport:getReport Completed in 454ms
60 silly audit report {}
61 timing auditReport:init Completed in 0ms
62 timing reify:audit Completed in 454ms
63 http fetch GET 200 https://registry.npmjs.org/node-linux-x64/-/node-linux-x64-16.20.1.tgz 4998ms (cache miss)
64 timing reifyNode:node_modules/node-linux-x64 Completed in 5079ms
65 timing reify:unpack Completed in 5080ms
66 timing reify:unretire Completed in 0ms
67 timing build:queue Completed in 0ms
68 timing build:link:node_modules/node-linux-x64 Completed in 3ms
69 timing build:link Completed in 3ms
70 timing build:deps Completed in 5ms
71 timing build Completed in 5ms
72 timing reify:build Completed in 6ms
73 timing reify:trash Completed in 0ms
74 timing reify Completed in 5198ms
75 silly ADD node_modules/node-linux-x64
76 silly ADD node_modules/node-bin-setup
77 timing command:install Completed in 5209ms
78 verbose exit 0
79 timing npm Completed in 5699ms
80 info ok
